<?xml version="1.0" encoding="UTF-8"?>
<!-- Generated by org.testng.reporters.JUnitXMLReporter -->
<testsuite ignored="0" hostname="LAPTOP-NP1BHAR4" failures="2" tests="8" name="ToDoTest" time="25.693" errors="0" timestamp="2025-02-04T17:41:49 GMT+08:00">
  <testcase classname="TestCases.ToDoTest" name="verifyPage" time="0.141"/>
  <testcase classname="TestCases.ToDoTest" name="enterTodo" time="0.175"/>
  <testcase classname="TestCases.ToDoTest" name="clickCheckBoxes" time="0.436"/>
  <testcase classname="TestCases.ToDoTest" name="removeTodo" time="1.504">
    <failure type="org.openqa.selenium.ElementClickInterceptedException" message="element click intercepted: Element &amp;lt;button class=&amp;quot;destroy&amp;quot; data-testid=&amp;quot;todo-item-button&amp;quot;&amp;gt;&amp;lt;/button&amp;gt; is not clickable at point (20, 20). Other element would receive the click: &amp;lt;aside class=&amp;quot;learn&amp;quot;&amp;gt;...&amp;lt;/aside&amp;gt;
  (Session info: chrome=132.0.6834.160)
Build info: version: &amp;apos;4.28.0&amp;apos;, revision: &amp;apos;ac342546e9&amp;apos;
System info: os.name: &amp;apos;Windows 10&amp;apos;, os.arch: &amp;apos;amd64&amp;apos;, os.version: &amp;apos;10.0&amp;apos;, java.version: &amp;apos;20.0.1&amp;apos;
Driver info: org.openqa.selenium.chrome.ChromeDriver
Command: [7716ed3fd39198ef02c6d2e2bad3b6e5, clickElement {id=f.183AFEEB06279B106CD053E71B12C3EA.d.5406183B234ABBD52610161EAFE505F5.e.29}]
Capabilities {acceptInsecureCerts: false, browserName: chrome, browserVersion: 132.0.6834.160, chrome: {chromedriverVersion: 132.0.6834.159 (2d77d3fc445..., userDataDir: C:\Users\priya\AppData\Loca...}, fedcm:accounts: true, goog:chromeOptions: {debuggerAddress: localhost:51112}, networkConnectionEnabled: false, pageLoadStrategy: normal, platformName: windows, proxy: Proxy(), se:cdp: ws://localhost:51112/devtoo..., se:cdpVersion: 132.0.6834.160, setWindowRect: true, strictFileInteractability: false, timeouts: {implicit: 0, pageLoad: 300000, script: 30000}, unhandledPromptBehavior: dismiss and notify, webauthn:extension:credBlob: true, webauthn:extension:largeBlob: true, webauthn:extension:minPinLength: true, webauthn:extension:prf: true, webauthn:virtualAuthenticators: true}
Element: [[ChromeDriver: chrome on windows (7716ed3fd39198ef02c6d2e2bad3b6e5)] -&amp;gt; xpath: //button[@data-testid=&amp;apos;todo-item-button&amp;apos;]]
Session ID: 7716ed3fd39198ef02c6d2e2bad3b6e5">
      <![CDATA[org.openqa.selenium.ElementClickInterceptedException: element click intercepted: Element <button class="destroy" data-testid="todo-item-button"></button> is not clickable at point (20, 20). Other element would receive the click: <aside class="learn">...</aside>
  (Session info: chrome=132.0.6834.160)
Build info: version: '4.28.0', revision: 'ac342546e9'
System info: os.name: 'Windows 10', os.arch: 'amd64', os.version: '10.0', java.version: '20.0.1'
Driver info: org.openqa.selenium.chrome.ChromeDriver
Command: [7716ed3fd39198ef02c6d2e2bad3b6e5, clickElement {id=f.183AFEEB06279B106CD053E71B12C3EA.d.5406183B234ABBD52610161EAFE505F5.e.29}]
Capabilities {acceptInsecureCerts: false, browserName: chrome, browserVersion: 132.0.6834.160, chrome: {chromedriverVersion: 132.0.6834.159 (2d77d3fc445..., userDataDir: C:\Users\priya\AppData\Loca...}, fedcm:accounts: true, goog:chromeOptions: {debuggerAddress: localhost:51112}, networkConnectionEnabled: false, pageLoadStrategy: normal, platformName: windows, proxy: Proxy(), se:cdp: ws://localhost:51112/devtoo..., se:cdpVersion: 132.0.6834.160, setWindowRect: true, strictFileInteractability: false, timeouts: {implicit: 0, pageLoad: 300000, script: 30000}, unhandledPromptBehavior: dismiss and notify, webauthn:extension:credBlob: true, webauthn:extension:largeBlob: true, webauthn:extension:minPinLength: true, webauthn:extension:prf: true, webauthn:virtualAuthenticators: true}
Element: [[ChromeDriver: chrome on windows (7716ed3fd39198ef02c6d2e2bad3b6e5)] -> xpath: //button[@data-testid='todo-item-button']]
Session ID: 7716ed3fd39198ef02c6d2e2bad3b6e5
at org.openqa.selenium.remote.ErrorCodec.decode(ErrorCodec.java:167)
at org.openqa.selenium.remote.codec.w3c.W3CHttpResponseCodec.decode(W3CHttpResponseCodec.java:138)
at org.openqa.selenium.remote.codec.w3c.W3CHttpResponseCodec.decode(W3CHttpResponseCodec.java:50)
at org.openqa.selenium.remote.HttpCommandExecutor.execute(HttpCommandExecutor.java:215)
at org.openqa.selenium.remote.service.DriverCommandExecutor.invokeExecute(DriverCommandExecutor.java:216)
at org.openqa.selenium.remote.service.DriverCommandExecutor.execute(DriverCommandExecutor.java:174)
at org.openqa.selenium.remote.RemoteWebDriver.execute(RemoteWebDriver.java:545)
at org.openqa.selenium.remote.RemoteWebElement.execute(RemoteWebElement.java:223)
at org.openqa.selenium.remote.RemoteWebElement.click(RemoteWebElement.java:76)
at PageObjects.ToDoPage.removeTodo(ToDoPage.java:119)
at TestCases.ToDoTest.removeTodo(ToDoTest.java:70)
at java.base/java.util.ArrayList.forEach(ArrayList.java:1511)
... Removed 28 stack frames]]>
    </failure>
  </testcase> <!-- removeTodo -->
  <testcase classname="TestCases.ToDoTest" name="clickActive" time="0.103"/>
  <testcase classname="TestCases.ToDoTest" name="clickCompleted" time="0.139"/>
  <testcase classname="TestCases.ToDoTest" name="clickClearCompleted" time="10.219"/>
  <testcase classname="TestCases.ToDoTest" name="chooseAll" time="10.25">
    <failure type="java.lang.IndexOutOfBoundsException" message="Index 0 out of bounds for length 0">
      <![CDATA[java.lang.IndexOutOfBoundsException: Index 0 out of bounds for length 0
at java.base/jdk.internal.util.Preconditions.outOfBounds(Preconditions.java:100)
at java.base/jdk.internal.util.Preconditions.outOfBoundsCheckIndex(Preconditions.java:106)
at java.base/jdk.internal.util.Preconditions.checkIndex(Preconditions.java:302)
at java.base/java.util.Objects.checkIndex(Objects.java:385)
at java.base/java.util.ArrayList.get(ArrayList.java:427)
at org.openqa.selenium.support.pagefactory.internal.LocatingElementListHandler.invoke(LocatingElementListHandler.java:39)
at jdk.proxy2/jdk.proxy2.$Proxy14.get(Unknown Source)
at PageObjects.ToDoPage.chooseAll(ToDoPage.java:160)
at TestCases.ToDoTest.chooseAll(ToDoTest.java:88)
at java.base/java.util.ArrayList.forEach(ArrayList.java:1511)
... Removed 27 stack frames]]>
    </failure>
  </testcase> <!-- chooseAll -->
</testsuite> <!-- ToDoTest -->
